<?xml version="1.0" encoding="UTF-8"?>
<!-- Generated by org.testng.reporters.JUnitReportReporter -->
<testsuite hostname="DESKTOP-JIECLUC" failures="0" tests="5" name="tests.DatePickers_Test" time="26.688" errors="0" timestamp="2024-09-21T12:47:56 IST" skipped="0">
  <testcase classname="tests.DatePickers_Test" name="verifyTypeCssValue" time="5.421"/>
  <testcase classname="tests.DatePickers_Test" name="verifyDatePickers" time="4.585"/>
  <testcase classname="tests.DatePickers_Test" name="enterDateFieldSendkeys" time="5.737"/>
  <testcase classname="tests.DatePickers_Test" name="getMenuListItems" time="4.637"/>
  <testcase classname="tests.DatePickers_Test" name="verifyTypeAttributeOf" time="6.308"/>
</testsuite> <!-- tests.DatePickers_Test -->
