<?xml version="1.0" encoding="UTF-8"?>
<!-- Generated by org.testng.reporters.JUnitReportReporter -->
<testsuite hostname="DESKTOP-JIECLUC" failures="0" tests="1" name="tests.Table_Test" time="10.568" errors="0" timestamp="2024-09-21T19:57:19 IST" skipped="0">
  <testcase classname="tests.Table_Test" name="getPerson_Salary" time="10.568"/>
</testsuite> <!-- tests.Table_Test -->
