<?xml version="1.0" encoding="UTF-8"?>
<!-- Generated by org.testng.reporters.JUnitReportReporter -->
<testsuite hostname="DESKTOP-JIECLUC" failures="0" tests="1" name="tests.Home_Test" time="5.845" errors="0" timestamp="2024-09-20T11:31:09 IST" skipped="0">
  <testcase classname="tests.Home_Test" name="verifyLogo" time="5.845"/>
</testsuite> <!-- tests.Home_Test -->
