<?xml version="1.0" encoding="UTF-8"?>
<!-- Generated by org.testng.reporters.JUnitReportReporter -->
<testsuite hostname="DESKTOP-JIECLUC" failures="0" tests="3" name="tests.Inputform_Test" time="42.491" errors="0" timestamp="2024-09-20T21:41:34 IST" skipped="0">
  <testcase classname="tests.Inputform_Test" name="verifyButtonColor" time="10.632"/>
  <testcase classname="tests.Inputform_Test" name="verifyInputformHeader" time="18.433"/>
  <testcase classname="tests.Inputform_Test" name="verifyInputformMenu" time="13.426"/>
</testsuite> <!-- tests.Inputform_Test -->
